app/build/outputs/mapping/fdroid/release/seeds.txt
com.vasa.android.stardroid.About_the_devloper
com.vasa.android.stardroid.About_the_devloper: About_the_devloper()
com.vasa.android.stardroid.About_us
com.vasa.android.stardroid.About_us: About_us()
com.vasa.android.stardroid.Join_us
com.vasa.android.stardroid.Join_us: Join_us()
com.vasa.android.stardroid.Our_services
com.vasa.android.stardroid.Our_services: Our_services()
com.vasa.android.stardroid.R$anim: int fadein
com.vasa.android.stardroid.R$anim: int fadeout
com.vasa.android.stardroid.R$anim: int fastzoom
com.vasa.android.stardroid.R$anim: int timetravelflash
com.vasa.android.stardroid.R$array: int popular_date_examples
com.vasa.android.stardroid.R$array: int sensor_damping
com.vasa.android.stardroid.R$array: int sensor_damping_values
com.vasa.android.stardroid.R$array: int sensor_speed
com.vasa.android.stardroid.R$array: int sensor_speed_values
com.vasa.android.stardroid.R$attr: int buttonSize
com.vasa.android.stardroid.R$attr: int circleCrop
com.vasa.android.stardroid.R$attr: int colorScheme
com.vasa.android.stardroid.R$attr: int default_value
com.vasa.android.stardroid.R$attr: int fade_time
com.vasa.android.stardroid.R$attr: int imageAspectRatio
com.vasa.android.stardroid.R$attr: int imageAspectRatioAdjust
com.vasa.android.stardroid.R$attr: int image_off
com.vasa.android.stardroid.R$attr: int image_on
com.vasa.android.stardroid.R$attr: int metaButtonBarButtonStyle
com.vasa.android.stardroid.R$attr: int metaButtonBarStyle
com.vasa.android.stardroid.R$attr: int pref_key
com.vasa.android.stardroid.R$attr: int scopeUris
com.vasa.android.stardroid.R$color: int absent_sensor
com.vasa.android.stardroid.R$color: int bad_sensor
com.vasa.android.stardroid.R$color: int black_overlay
com.vasa.android.stardroid.R$color: int common_action_bar_splitter
com.vasa.android.stardroid.R$color: int common_google_signin_btn_text_dark
com.vasa.android.stardroid.R$color: int common_google_signin_btn_text_dark_default
com.vasa.android.stardroid.R$color: int common_google_signin_btn_text_dark_disabled
com.vasa.android.stardroid.R$color: int common_google_signin_btn_text_dark_focused
com.vasa.android.stardroid.R$color: int common_google_signin_btn_text_dark_pressed
com.vasa.android.stardroid.R$color: int common_google_signin_btn_text_light
com.vasa.android.stardroid.R$color: int common_google_signin_btn_text_light_default
com.vasa.android.stardroid.R$color: int common_google_signin_btn_text_light_disabled
com.vasa.android.stardroid.R$color: int common_google_signin_btn_text_light_focused
com.vasa.android.stardroid.R$color: int common_google_signin_btn_text_light_pressed
com.vasa.android.stardroid.R$color: int common_plus_signin_btn_text_dark
com.vasa.android.stardroid.R$color: int common_plus_signin_btn_text_dark_default
com.vasa.android.stardroid.R$color: int common_plus_signin_btn_text_dark_disabled
com.vasa.android.stardroid.R$color: int common_plus_signin_btn_text_dark_focused
com.vasa.android.stardroid.R$color: int common_plus_signin_btn_text_dark_pressed
com.vasa.android.stardroid.R$dimen: int activity_horizontal_margin
com.vasa.android.stardroid.R$dimen: int activity_vertical_margin
com.vasa.android.stardroid.R$dimen: int menu_text_size
com.vasa.android.stardroid.R$dimen: int text_margin
...
com.google.common.collect.Lists
com.google.common.collect.Lists: java.util.List reverse(java.util.List)
com.google.common.collect.MapConstraints$NotNullMapConstraint: com.google.common.collect.MapConstraints$NotNullMapConstraint[] values()
com.google.common.collect.MapConstraints$NotNullMapConstraint: com.google.common.collect.MapConstraints$NotNullMapConstraint valueOf(java.lang.String)
com.google.common.collect.MapMaker$RemovalCause: com.google.common.collect.MapMaker$RemovalCause[] values()
com.google.common.collect.MapMaker$RemovalCause: com.google.common.collect.MapMaker$RemovalCause valueOf(java.lang.String)
com.google.common.collect.MapMakerInternalMap$EntryFactory: com.google.common.collect.MapMakerInternalMap$EntryFactory[] values()
com.google.common.collect.MapMakerInternalMap$EntryFactory: com.google.common.collect.MapMakerInternalMap$EntryFactory valueOf(java.lang.String)
com.google.common.collect.MapMakerInternalMap$NullEntry: com.google.common.collect.MapMakerInternalMap$NullEntry[] values()
com.google.common.collect.MapMakerInternalMap$NullEntry: com.google.common.collect.MapMakerInternalMap$NullEntry valueOf(java.lang.String)
com.google.common.collect.MapMakerInternalMap$ReferenceEntry
com.google.common.collect.MapMakerInternalMap$Strength: com.google.common.collect.MapMakerInternalMap$Strength[] values()
com.google.common.collect.MapMakerInternalMap$Strength: com.google.common.collect.MapMakerInternalMap$Strength valueOf(java.lang.String)
com.google.common.collect.Maps$EntryFunction: com.google.common.collect.Maps$EntryFunction[] values()
com.google.common.collect.Maps$EntryFunction: com.google.common.collect.Maps$EntryFunction valueOf(java.lang.String)
com.google.common.collect.MultimapBuilder$LinkedListSupplier: com.google.common.collect.MultimapBuilder$LinkedListSupplier[] values()
com.google.common.collect.MultimapBuilder$LinkedListSupplier: com.google.common.collect.MultimapBuilder$LinkedListSupplier valueOf(java.lang.String)
com.google.common.collect.SortedLists$KeyAbsentBehavior: com.google.common.collect.SortedLists$KeyAbsentBehavior[] values()
com.google.common.collect.SortedLists$KeyAbsentBehavior: com.google.common.collect.SortedLists$KeyAbsentBehavior valueOf(java.lang.String)
com.google.common.collect.SortedLists$KeyPresentBehavior: com.google.common.collect.SortedLists$KeyPresentBehavior[] values()
com.google.common.collect.SortedLists$KeyPresentBehavior: com.google.common.collect.SortedLists$KeyPresentBehavior valueOf(java.lang.String)
com.google.common.collect.TreeMultiset$Aggregate: com.google.common.collect.TreeMultiset$Aggregate[] values()
com.google.common.collect.TreeMultiset$Aggregate: com.google.common.collect.TreeMultiset$Aggregate valueOf(java.lang.String)
com.google.common.hash.BloomFilterStrategies: com.google.common.hash.BloomFilterStrategies[] values()
com.google.common.hash.BloomFilterStrategies: com.google.common.hash.BloomFilterStrategies valueOf(java.lang.String)
com.google.common.hash.Funnels$ByteArrayFunnel: com.google.common.hash.Funnels$ByteArrayFunnel[] values()
com.google.common.hash.Funnels$ByteArrayFunnel: com.google.common.hash.Funnels$ByteArrayFunnel valueOf(java.lang.String)
com.google.common.hash.Funnels$IntegerFunnel: com.google.common.hash.Funnels$IntegerFunnel[] values()
com.google.common.hash.Funnels$IntegerFunnel: com.google.common.hash.Funnels$IntegerFunnel valueOf(java.lang.String)
com.google.common.hash.Funnels$LongFunnel: com.google.common.hash.Funnels$LongFunnel[] values()
com.google.common.hash.Funnels$LongFunnel: com.google.common.hash.Funnels$LongFunnel valueOf(java.lang.String)
com.google.common.hash.Funnels$UnencodedCharsFunnel: com.google.common.hash.Funnels$UnencodedCharsFunnel[] values()
com.google.common.hash.Funnels$UnencodedCharsFunnel: com.google.common.hash.Funnels$UnencodedCharsFunnel valueOf(java.lang.String)