app/build/outputs/mapping/fdroid/release/usage.txt
com.vasa.android.stardroid.About_the_devloper:
    private static final boolean AUTO_HIDE
    private static final int AUTO_HIDE_DELAY_MILLIS
    private static final int UI_ANIMATION_DELAY
    private android.view.View mContentView
    171:178:private void show()
com.vasa.android.stardroid.ApplicationComponent:
    public abstract android.accounts.AccountManager provideAccountManager()
com.vasa.android.stardroid.ApplicationConstants:
    public static final java.lang.String APP_NAME
    public static final java.lang.String AUTO_MODE_PREF_KEY
    public static final java.lang.String NO_WARN_ABOUT_MISSING_SENSORS
    public static final java.lang.String BUNDLE_TARGET_NAME
    public static final java.lang.String BUNDLE_NIGHT_MODE
    public static final java.lang.String BUNDLE_X_TARGET
    public static final java.lang.String BUNDLE_Y_TARGET
    public static final java.lang.String BUNDLE_Z_TARGET
    public static final java.lang.String BUNDLE_SEARCH_MODE
    public static final java.lang.String SOUND_EFFECTS
    public static final java.lang.String READ_TOS_PREF_VERSION
    public static final java.lang.String READ_WHATS_NEW_PREF_VERSION
    public static final java.lang.String SHARED_PREFERENCE_DISABLE_GYRO
    public static final java.lang.String SENSOR_SPEED_HIGH
    public static final java.lang.String SENSOR_SPEED_SLOW
    public static final java.lang.String SENSOR_SPEED_STANDARD
    public static final java.lang.String SENSOR_SPEED_PREF_KEY
    public static final java.lang.String SENSOR_DAMPING_REALLY_HIGH
    public static final java.lang.String SENSOR_DAMPING_EXTRA_HIGH
    public static final java.lang.String SENSOR_DAMPING_HIGH
    public static final java.lang.String SENSOR_DAMPING_STANDARD
    public static final java.lang.String SENSOR_DAMPING_PREF_KEY
    public static final java.lang.String REVERSE_MAGNETIC_Z_PREFKEY
com.vasa.android.stardroid.BuildConfig
com.vasa.android.stardroid.DaggerApplicationComponent:
    127:127:public android.accounts.AccountManager provideAccountManager()
com.vasa.android.stardroid.Manifest
com.vasa.android.stardroid.Manifest$permission
com.vasa.android.stardroid.R:
    10:10:public R()
com.vasa.android.stardroid.R$anim
com.vasa.android.stardroid.R$array
com.vasa.android.stardroid.R$attr
com.vasa.android.stardroid.R$color
com.vasa.android.stardroid.R$dimen
com.vasa.android.stardroid.R$drawable
com.vasa.android.stardroid.R$id
com.vasa.android.stardroid.R$integer
com.vasa.android.stardroid.R$layout
com.vasa.android.stardroid.R$menu
com.vasa.android.stardroid.R$raw
com.vasa.android.stardroid.R$string
com.vasa.android.stardroid.R$style
com.vasa.android.stardroid.R$styleable:
    1048:1048:public R$styleable()
com.vasa.android.stardroid.R$xml
com.vasa.android.stardroid.StardroidApplication:
    private static final java.lang.String PREVIOUS_APP_VERSION_PREF
    private static final java.lang.String NONE
    private static final java.lang.String UNKNOWN
    188:189:public static void runInBackground(java.lang.Runnable)
com.vasa.android.stardroid.activities.CompassCalibrationActivity:
    public static final java.lang.String HIDE_CHECKBOX
    public static final java.lang.String DONT_SHOW_CALIBRATION_DIALOG
com.vasa.android.stardroid.activities.DiagnosticActivity:
    private static final int UPDATE_PERIOD_MILLIS
com.vasa.android.stardroid.activities.DiagnosticActivityModule:
    26:26:android.app.Activity provideActivity()
com.vasa.android.stardroid.activities.DiagnosticActivityModule_ProvideActivityFactory
com.vasa.android.stardroid.activities.DynamicStarMapActivity:
    private static final int TIME_DISPLAY_DELAY_MILLIS
    public static final int GOOGLE_PLAY_SERVICES_REQUEST_CODE
    public static final int GOOGLE_PLAY_SERVICES_REQUEST_LOCATION_PERMISSION_CODE
    private static final float ROTATION_SPEED
...
com.google.common.collect.AbstractTable$1
com.google.common.collect.AbstractTable$CellSet
com.google.common.collect.AbstractTable$Values
com.google.common.collect.AllEqualOrdering
com.google.common.collect.ArrayListMultimap
com.google.common.collect.ArrayTable
com.google.common.collect.ArrayTable$1
com.google.common.collect.ArrayTable$1$1
com.google.common.collect.ArrayTable$ArrayMap
com.google.common.collect.ArrayTable$ArrayMap$1
com.google.common.collect.ArrayTable$ArrayMap$1$1
com.google.common.collect.ArrayTable$Column
com.google.common.collect.ArrayTable$ColumnMap
com.google.common.collect.ArrayTable$Row
com.google.common.collect.ArrayTable$RowMap
com.google.common.collect.BiMap
com.google.common.collect.BinaryTreeTraverser
com.google.common.collect.BinaryTreeTraverser$1
com.google.common.collect.BinaryTreeTraverser$1$1
com.google.common.collect.BinaryTreeTraverser$2
com.google.common.collect.BinaryTreeTraverser$InOrderIterator
com.google.common.collect.BinaryTreeTraverser$PostOrderIterator
com.google.common.collect.BinaryTreeTraverser$PreOrderIterator
com.google.common.collect.BoundType
com.google.common.collect.BoundType$1
com.google.common.collect.BoundType$2
com.google.common.collect.ByFunctionOrdering
com.google.common.collect.CartesianList
com.google.common.collect.CartesianList$1
com.google.common.collect.ClassToInstanceMap
com.google.common.collect.CollectPreconditions:
    27:27:CollectPreconditions()
    30:35:static void checkEntryNotNull(java.lang.Object,java.lang.Object)
    38:41:static int checkNonnegative(int,java.lang.String)
    45:48:static void checkPositive(int,java.lang.String)
com.google.common.collect.Collections2
com.google.common.collect.Collections2$1
com.google.common.collect.Collections2$FilteredCollection
com.google.common.collect.Collections2$OrderedPermutationCollection
com.google.common.collect.Collections2$OrderedPermutationIterator
com.google.common.collect.Collections2$PermutationCollection
com.google.common.collect.Collections2$PermutationIterator
com.google.common.collect.Collections2$TransformedCollection
com.google.common.collect.ComparatorOrdering
com.google.common.collect.ComparisonChain
com.google.common.collect.ComparisonChain$1
com.google.common.collect.ComparisonChain$InactiveComparisonChain
com.google.common.collect.CompoundOrdering
com.google.common.collect.ComputationException
com.google.common.collect.ComputingConcurrentHashMap
com.google.common.collect.ComputingConcurrentHashMap$ComputationExceptionReference
com.google.common.collect.ComputingConcurrentHashMap$ComputedReference
com.google.common.collect.ComputingConcurrentHashMap$ComputingSegment
com.google.common.collect.ComputingConcurrentHashMap$ComputingSerializationProxy
com.google.common.collect.ComputingConcurrentHashMap$ComputingValueReference
com.google.common.collect.ConcurrentHashMultiset
com.google.common.collect.ConcurrentHashMultiset$1
com.google.common.collect.ConcurrentHashMultiset$2
com.google.common.collect.ConcurrentHashMultiset$3
com.google.common.collect.ConcurrentHashMultiset$EntrySet
com.google.common.collect.ConcurrentHashMultiset$FieldSettersHolder
com.google.common.collect.Constraint
com.google.common.collect.Constraints
com.google.common.collect.Constraints$ConstrainedCollection
com.google.common.collect.Constraints$ConstrainedList
com.google.common.collect.Constraints$ConstrainedListIterator
com.google.common.collect.Constraints$ConstrainedRandomAccessList
com.google.common.collect.Constraints$ConstrainedSet
com.google.common.collect.Constraints$ConstrainedSortedSet
com.google.common.collect.ConsumingQueueIterator
com.google.common.collect.ContiguousSet
com.google.common.collect.Count
com.google.common.collect.Cut
com.google.common.collect.Cut$1
com.google.common.collect.Cut$AboveAll
com.google.common.collect.Cut$AboveValue
com.google.common.collect.Cut$BelowAll
com.google.common.collect.Cut$BelowValue
com.google.common.collect.DenseImmutableTable